<?xml version="1.0" encoding="UTF-8"?>
<!-- Generated by org.testng.reporters.JUnitXMLReporter -->
<testsuite ignored="0" hostname="VDI-Dev-040" failures="0" tests="2" name="Product Portfolio Automation Test" time="319.877" errors="0" timestamp="2022-01-27T22:19:59 IST">
  <testcase classname="com.lti.controller.TestCase" name="Smoke_02_NBIS" time="252.002"/>
  <testcase classname="com.lti.controller.TestCase" name="Smoke_02_Canc" time="65.109"/>
</testsuite> <!-- Product Portfolio Automation Test -->
