<?xml version="1.0" encoding="UTF-8"?>
<testng-results ignored="0" total="2" passed="2" failed="0" skipped="0">
  <reporter-output>
  </reporter-output>
  <suite started-at="2022-01-27T22:14:39 IST" name="Suite" finished-at="2022-01-27T22:19:59 IST" duration-ms="319877">
    <groups>
    </groups>
    <test started-at="2022-01-27T22:14:39 IST" name="Product Portfolio Automation Test" finished-at="2022-01-27T22:19:59 IST" duration-ms="319877">
      <class name="com.lti.controller.TestCase">
        <test-method is-config="true" signature="setUp()[pri:0, instance:com.lti.controller.TestCase@7397c6]" started-at="2022-01-27T22:14:39 IST" name="setUp" test-instance-name="Smoke_02_Canc" finished-at="2022-01-27T22:14:39 IST" duration-ms="356" status="PASS">
          <reporter-output>
          </reporter-output>
        </test-method> <!-- setUp -->
        <test-method is-config="true" signature="beforeTest(java.lang.reflect.Method,[Ljava.lang.Object;,org.testng.ITestContext)[pri:0, instance:com.lti.controller.TestCase@7397c6]" started-at="2022-01-27T22:14:40 IST" name="beforeTest" test-instance-name="Smoke_02_Canc" finished-at="2022-01-27T22:14:40 IST" duration-ms="7" status="PASS">
          <params>
            <param index="0">
              <value>
                <![CDATA[public void com.lti.controller.TestCase.Test(java.util.Hashtable) throws java.lang.Exception]]>
              </value>
            </param>
            <param index="1">
              <value>
                <![CDATA[[Ljava.lang.Object;@6659e7f5]]>
              </value>
            </param>
            <param index="2">
              <value>
                <![CDATA[org.testng.TestRunner@5fdcc57e]]>
              </value>
            </param>
          </params>
          <reporter-output>
          </reporter-output>
        </test-method> <!-- beforeTest -->
        <test-method signature="Test(java.util.Hashtable)[pri:0, instance:com.lti.controller.TestCase@7397c6]" started-at="2022-01-27T22:14:40 IST" name="Test" data-provider="Test Suite Iterator" test-instance-name="Smoke_02_Canc" finished-at="2022-01-27T22:18:52 IST" duration-ms="252002" status="PASS">
          <params>
            <param index="0">
              <value>
                <![CDATA[{ExecutionFlag=Y, TestCaseID=Smoke_02_NBIS}]]>
              </value>
            </param>
          </params>
          <reporter-output>
          </reporter-output>
        </test-method> <!-- Test -->
        <test-method is-config="true" signature="afterTest()[pri:0, instance:com.lti.controller.TestCase@7397c6]" started-at="2022-01-27T22:18:53 IST" name="afterTest" test-instance-name="Smoke_02_Canc" finished-at="2022-01-27T22:18:53 IST" duration-ms="431" status="PASS">
          <reporter-output>
          </reporter-output>
        </test-method> <!-- afterTest -->
        <test-method is-config="true" signature="beforeTest(java.lang.reflect.Method,[Ljava.lang.Object;,org.testng.ITestContext)[pri:0, instance:com.lti.controller.TestCase@7397c6]" started-at="2022-01-27T22:18:53 IST" name="beforeTest" test-instance-name="Smoke_02_Canc" finished-at="2022-01-27T22:18:53 IST" duration-ms="3" status="PASS">
          <params>
            <param index="0">
              <value>
                <![CDATA[public void com.lti.controller.TestCase.Test(java.util.Hashtable) throws java.lang.Exception]]>
              </value>
            </param>
            <param index="1">
              <value>
                <![CDATA[[Ljava.lang.Object;@400bf062]]>
              </value>
            </param>
            <param index="2">
              <value>
                <![CDATA[org.testng.TestRunner@5fdcc57e]]>
              </value>
            </param>
          </params>
          <reporter-output>
          </reporter-output>
        </test-method> <!-- beforeTest -->
        <test-method signature="Test(java.util.Hashtable)[pri:0, instance:com.lti.controller.TestCase@7397c6]" started-at="2022-01-27T22:18:53 IST" name="Test" data-provider="Test Suite Iterator" test-instance-name="Smoke_02_Canc" finished-at="2022-01-27T22:19:59 IST" duration-ms="65109" status="PASS">
          <params>
            <param index="0">
              <value>
                <![CDATA[{ExecutionFlag=Cont, TestCaseID=Smoke_02_Canc}]]>
              </value>
            </param>
          </params>
          <reporter-output>
          </reporter-output>
        </test-method> <!-- Test -->
        <test-method is-config="true" signature="afterTest()[pri:0, instance:com.lti.controller.TestCase@7397c6]" started-at="2022-01-27T22:19:59 IST" name="afterTest" test-instance-name="Smoke_02_Canc" finished-at="2022-01-27T22:19:59 IST" duration-ms="233" status="PASS">
          <reporter-output>
          </reporter-output>
        </test-method> <!-- afterTest -->
        <test-method is-config="true" signature="tearDown()[pri:0, instance:com.lti.controller.TestCase@7397c6]" started-at="2022-01-27T22:19:59 IST" name="tearDown" test-instance-name="Smoke_02_Canc" finished-at="2022-01-27T22:20:01 IST" duration-ms="1923" status="PASS">
          <reporter-output>
          </reporter-output>
        </test-method> <!-- tearDown -->
      </class> <!-- com.lti.controller.TestCase -->
    </test> <!-- Product Portfolio Automation Test -->
  </suite> <!-- Suite -->
</testng-results>
